<?xml version="1.0" encoding="UTF-8"?>
<!-- Generated by org.testng.reporters.JUnitReportReporter -->
<testsuite hostname="svt-laptop-72" failures="0" tests="2" name="com.example.TestRunner.TestngTestRunnerTest" time="76.775" errors="0" timestamp="2023-06-14T14:39:44 IST" skipped="0">
  <testcase classname="com.example.TestRunner.TestngTestRunnerTest" name="runScenario" time="29.651"/>
  <system-out/>
  <testcase classname="com.example.TestRunner.TestngTestRunnerTest" name="runScenario" time="47.124"/>
  <system-out/>
</testsuite> <!-- com.example.TestRunner.TestngTestRunnerTest -->
